<?xml version="1.0" encoding="UTF-8"?>
<testng-results ignored="0" total="1" passed="1" failed="0" skipped="0">
  <reporter-output>
  </reporter-output>
  <suite started-at="2022-12-27T14:42:45 IST" name="Suite" finished-at="2022-12-27T14:43:43 IST" duration-ms="57114">
    <groups>
    </groups>
    <test started-at="2022-12-27T14:42:45 IST" name="Test" finished-at="2022-12-27T14:43:43 IST" duration-ms="57114">
      <class name="com.ce.TestCases.CourseEraTest">
        <test-method signature="CourseEra()[pri:0, instance:com.ce.TestCases.CourseEraTest@79c5636f]" started-at="2022-12-27T14:42:46 IST" name="CourseEra" finished-at="2022-12-27T14:43:42 IST" duration-ms="55910" status="PASS">
          <reporter-output>
          </reporter-output>
        </test-method> <!-- CourseEra -->
        <test-method is-config="true" signature="TearDown()[pri:0, instance:com.ce.TestCases.CourseEraTest@79c5636f]" started-at="2022-12-27T14:43:42 IST" name="TearDown" finished-at="2022-12-27T14:43:43 IST" duration-ms="568" status="PASS">
          <reporter-output>
          </reporter-output>
        </test-method> <!-- TearDown -->
      </class> <!-- com.ce.TestCases.CourseEraTest -->
    </test> <!-- Test -->
  </suite> <!-- Suite -->
</testng-results>
